<?xml version="1.0" encoding="UTF-8"?>
<testng-results ignored="0" total="1" passed="1" failed="0" skipped="0">
  <reporter-output>
  </reporter-output>
  <suite started-at="2024-12-18T08:47:23 PST" name="Default suite" finished-at="2024-12-18T08:47:28 PST" duration-ms="5017">
    <groups>
    </groups>
    <test started-at="2024-12-18T08:47:23 PST" name="Default test" finished-at="2024-12-18T08:47:28 PST" duration-ms="5017">
      <class name="chaining.CreateUser">
        <test-method signature="createUser(org.testng.ITestContext)[pri:0, instance:chaining.CreateUser@662ac478]" started-at="2024-12-18T08:47:24 PST" name="createUser" finished-at="2024-12-18T08:47:28 PST" duration-ms="4927" status="PASS">
          <params>
            <param index="0">
              <value>
                <![CDATA[org.testng.TestRunner@732c2a62]]>
              </value>
            </param>
          </params>
          <reporter-output>
          </reporter-output>
        </test-method> <!-- createUser -->
      </class> <!-- chaining.CreateUser -->
    </test> <!-- Default test -->
  </suite> <!-- Default suite -->
</testng-results>
